<?xml version="1.0" encoding="UTF-8"?>
<!-- Generated by org.testng.reporters.JUnitReportReporter -->
<testsuite skipped="0" hostname="Balas" name="annotations2.Annotation" tests="2" failures="0" timestamp="10 Feb 2018 10:43:00 GMT" time="0.023" errors="0">
  <testcase name="xopenBrowser" time="0.005" classname="annotations2.Annotation"/>
  <testcase name="payment" time="0.018" classname="annotations2.Annotation"/>
</testsuite> <!-- annotations2.Annotation -->
