<?xml version="1.0" encoding="UTF-8"?>
<!-- Generated by org.testng.reporters.JUnitReportReporter -->
<testsuite skipped="0" hostname="Balas" name="annotations.AssertionTest" tests="1" failures="0" timestamp="10 Feb 2018 10:46:00 GMT" time="8.756" errors="0">
  <testcase name="testCaseVerifyHomePage" time="8.756" classname="annotations.AssertionTest"/>
</testsuite> <!-- annotations.AssertionTest -->
