<?xml version="1.0" encoding="UTF-8"?>
<!-- Generated by org.testng.reporters.JUnitReportReporter -->
<testsuite name="annotations.Annotation" tests="3" time="0.030" ignored="1" failures="0" timestamp="25 Mar 2018 18:19:33 GMT" skipped="0" hostname="Balas" errors="0">
  <testcase name="xopenBrowser" time="0.004" classname="annotations.Annotation"/>
  <testcase name="aticketBooking" time="0.009" classname="annotations.Annotation"/>
  <testcase name="timeRelated" time="0.017" classname="annotations.Annotation"/>
  <testcase name="payment" classname="annotations.Annotation">
    <skipped/>
  </testcase> <!-- payment -->
</testsuite> <!-- annotations.Annotation -->
