<?xml version="1.0" encoding="UTF-8"?>
<!-- Generated by org.testng.reporters.JUnitReportReporter -->
<testsuite skipped="0" hostname="Balas" name="dataProvider.DataProviderEx" tests="3" failures="0" timestamp="10 Feb 2018 11:59:53 GMT" time="0.022" errors="0">
  <testcase name="setData" time="0.015" classname="dataProvider.DataProviderEx"/>
  <testcase name="setData" time="0.004" classname="dataProvider.DataProviderEx"/>
  <testcase name="setData" time="0.003" classname="dataProvider.DataProviderEx"/>
</testsuite> <!-- dataProvider.DataProviderEx -->
